<?xml version="1.0" encoding="UTF-8"?>
<!-- Generated by org.testng.reporters.JUnitReportReporter -->
<testsuite hostname="Gowthami-Allu-C02D5HZSMD6M.local" failures="0" tests="1" name="Driver.DriverLoginFlow" time="119.076" errors="1" timestamp="2024-08-05T13:33:01 IST" skipped="0">
  <testcase classname="Driver.DriverLoginFlow" name="successfulDriverLogin" time="119.076">
    <error message="An element could not be located on the page using the given search parameters. (WARNING: The server did not provide any stacktrace information)
Command duration or timeout: 50.38 seconds
For documentation on this error, please visit: http://seleniumhq.org/exceptions/no_such_element.html
Build info: version: &#039;2.42.2&#039;, revision: &#039;6a6995d31c7c56c340d6f45a76976d43506cd6cc&#039;, time: &#039;2014-06-03 10:52:47&#039;
System info: host: &#039;Gowthami-Allu-C02D5HZSMD6M.local&#039;, ip: &#039;192.168.11.188&#039;, os.name: &#039;Mac OS X&#039;, os.arch: &#039;x86_64&#039;, os.version: &#039;14.2.1&#039;, java.version: &#039;17.0.8.1&#039;
Driver info: io.appium.java_client.AppiumDriver
Capabilities [{appPackage=in.juspay.nammayatripartner.debug, statBarHeight=88, viewportRect={top=88, left=0, width=1080, height=2138}, deviceName=15913008960024W, platform=LINUX, deviceUDID=15913008960024W, desired={app=/Users/gowthami.allu/Documents/NammaYatriAutomation/movingTech.NY/Resources/app-nyDriver-prod-debug.apk, newCommandTimeout=600, automationName=UIAutomator2, platformName=Android, udid=15913008960024W}, newCommandTimeout=600, platformVersion=13, webStorageEnabled=false, automationName=UIAutomator2, takesScreenshot=true, javascriptEnabled=true, platformName=Android, udid=15913008960024W, deviceApiLevel=33, deviceManufacturer=vivo, app=/Users/gowthami.allu/Documents/NammaYatriAutomation/movingTech.NY/Resources/app-nyDriver-prod-debug.apk, deviceScreenSize=1080x2408, networkConnectionEnabled=true, warnings={}, databaseEnabled=false, pixelRatio=2.75, locationContextEnabled=false, deviceScreenDensity=440, deviceModel=V2146}]
Session ID: 4ba65d92-90c6-46e4-a1ec-d8c272474d27" type="org.openqa.selenium.NoSuchElementException">
      <![CDATA[org.openqa.selenium.NoSuchElementException: An element could not be located on the page using the given search parameters. (WARNING: The server did not provide any stacktrace information)
Command duration or timeout: 50.38 seconds
For documentation on this error, please visit: http://seleniumhq.org/exceptions/no_such_element.html
Build info: version: '2.42.2', revision: '6a6995d31c7c56c340d6f45a76976d43506cd6cc', time: '2014-06-03 10:52:47'
System info: host: 'Gowthami-Allu-C02D5HZSMD6M.local', ip: '192.168.11.188', os.name: 'Mac OS X', os.arch: 'x86_64', os.version: '14.2.1', java.version: '17.0.8.1'
Driver info: io.appium.java_client.AppiumDriver
Capabilities [{appPackage=in.juspay.nammayatripartner.debug, statBarHeight=88, viewportRect={top=88, left=0, width=1080, height=2138}, deviceName=15913008960024W, platform=LINUX, deviceUDID=15913008960024W, desired={app=/Users/gowthami.allu/Documents/NammaYatriAutomation/movingTech.NY/Resources/app-nyDriver-prod-debug.apk, newCommandTimeout=600, automationName=UIAutomator2, platformName=Android, udid=15913008960024W}, newCommandTimeout=600, platformVersion=13, webStorageEnabled=false, automationName=UIAutomator2, takesScreenshot=true, javascriptEnabled=true, platformName=Android, udid=15913008960024W, deviceApiLevel=33, deviceManufacturer=vivo, app=/Users/gowthami.allu/Documents/NammaYatriAutomation/movingTech.NY/Resources/app-nyDriver-prod-debug.apk, deviceScreenSize=1080x2408, networkConnectionEnabled=true, warnings={}, databaseEnabled=false, pixelRatio=2.75, locationContextEnabled=false, deviceScreenDensity=440, deviceModel=V2146}]
Session ID: 4ba65d92-90c6-46e4-a1ec-d8c272474d27
at java.base/jdk.internal.reflect.NativeConstructorAccessorImpl.newInstance0(Native Method)
at java.base/jdk.internal.reflect.NativeConstructorAccessorImpl.newInstance(NativeConstructorAccessorImpl.java:77)
at java.base/jdk.internal.reflect.DelegatingConstructorAccessorImpl.newInstance(DelegatingConstructorAccessorImpl.java:45)
at java.base/java.lang.reflect.Constructor.newInstanceWithCaller(Constructor.java:499)
at java.base/java.lang.reflect.Constructor.newInstance(Constructor.java:480)
at org.openqa.selenium.remote.ErrorHandler.createThrowable(ErrorHandler.java:204)
at org.openqa.selenium.remote.ErrorHandler.throwIfResponseFailed(ErrorHandler.java:156)
at org.openqa.selenium.remote.RemoteWebDriver.execute(RemoteWebDriver.java:599)
at io.appium.java_client.AppiumDriver.execute(AppiumDriver.java:88)
at org.openqa.selenium.remote.RemoteWebDriver.findElement(RemoteWebDriver.java:352)
at org.openqa.selenium.remote.RemoteWebDriver.findElementByXPath(RemoteWebDriver.java:449)
at org.openqa.selenium.By$ByXPath.findElement(By.java:357)
at org.openqa.selenium.remote.RemoteWebDriver.findElement(RemoteWebDriver.java:344)
at Driver.DriverLoginFlow.successfulDriverLogin(DriverLoginFlow.java:95)
at java.base/jdk.internal.reflect.NativeMethodAccessorImpl.invoke0(Native Method)
at java.base/jdk.internal.reflect.NativeMethodAccessorImpl.invoke(NativeMethodAccessorImpl.java:77)
at java.base/jdk.internal.reflect.DelegatingMethodAccessorImpl.invoke(DelegatingMethodAccessorImpl.java:43)
at java.base/java.lang.reflect.Method.invoke(Method.java:568)
at org.testng.internal.MethodInvocationHelper.invokeMethod(MethodInvocationHelper.java:133)
at org.testng.internal.TestInvoker.invokeMethod(TestInvoker.java:598)
at org.testng.internal.TestInvoker.invokeTestMethod(TestInvoker.java:173)
at org.testng.internal.MethodRunner.runInSequence(MethodRunner.java:46)
at org.testng.internal.TestInvoker$MethodInvocationAgent.invoke(TestInvoker.java:824)
at org.testng.internal.TestInvoker.invokeTestMethods(TestInvoker.java:146)
at org.testng.internal.TestMethodWorker.invokeTestMethods(TestMethodWorker.java:146)
at org.testng.internal.TestMethodWorker.run(TestMethodWorker.java:128)
at java.base/java.util.ArrayList.forEach(ArrayList.java:1511)
at org.testng.TestRunner.privateRun(TestRunner.java:794)
at org.testng.TestRunner.run(TestRunner.java:596)
at org.testng.SuiteRunner.runTest(SuiteRunner.java:377)
at org.testng.SuiteRunner.runSequentially(SuiteRunner.java:371)
at org.testng.SuiteRunner.privateRun(SuiteRunner.java:332)
at org.testng.SuiteRunner.run(SuiteRunner.java:276)
at org.testng.SuiteRunnerWorker.runSuite(SuiteRunnerWorker.java:53)
at org.testng.SuiteRunnerWorker.run(SuiteRunnerWorker.java:96)
at org.testng.TestNG.runSuitesSequentially(TestNG.java:1212)
at org.testng.TestNG.runSuitesLocally(TestNG.java:1134)
at org.testng.TestNG.runSuites(TestNG.java:1063)
at org.testng.TestNG.run(TestNG.java:1031)
at org.testng.remote.AbstractRemoteTestNG.run(AbstractRemoteTestNG.java:115)
at org.testng.remote.RemoteTestNG.initAndRun(RemoteTestNG.java:293)
at org.testng.remote.RemoteTestNG.main(RemoteTestNG.java:91)
]]>
    </error>
  </testcase> <!-- successfulDriverLogin -->
  <system-out/>
</testsuite> <!-- Driver.DriverLoginFlow -->
